#
# There is insufficient memory for the Java Runtime Environment to continue.
# Native memory allocation (malloc) failed to allocate 32744 bytes for Chunk::new
# Possible reasons:
#   The system is out of physical RAM or swap space
#   The process is running with CompressedOops enabled, and the Java Heap may be blocking the growth of the native heap
# Possible solutions:
#   Reduce memory load on the system
#   Increase physical memory or swap space
#   Check if swap backing store is full
#   Decrease Java heap size (-Xmx/-Xms)
#   Decrease number of Java threads
#   Decrease Java thread stack sizes (-Xss)
#   Set larger code cache with -XX:ReservedCodeCacheSize=
#   JVM is running with Zero Based Compressed Oops mode in which the Java heap is
#     placed in the first 32GB address space. The Java Heap base address is the
#     maximum limit for the native heap growth. Please use -XX:HeapBaseMinAddress
#     to set the Java Heap base and to place the Java Heap above 32GB virtual address.
# This output file may be truncated or incomplete.
#
#  Out of Memory Error (arena.cpp:168), pid=12408, tid=3780
#
# JRE version: Java(TM) SE Runtime Environment (21.0.4+8) (build 21.0.4+8-LTS-274)
# Java VM: Java HotSpot(TM) 64-Bit Server VM (21.0.4+8-LTS-274, mixed mode, emulated-client, sharing, tiered, compressed oops, compressed class ptrs, g1 gc, windows-amd64)
# No core dump will be written. Minidumps are not enabled by default on client versions of Windows
#

---------------  S U M M A R Y ------------

Command Line: -XX:TieredStopAtLevel=1 -Dspring.output.ansi.enabled=always -Dcom.sun.management.jmxremote -Dspring.jmx.enabled=true -Dspring.liveBeansView.mbeanDomain -Dspring.application.admin.enabled=true -Dmanagement.endpoints.jmx.exposure.include=* -javaagent:C:\Program Files\JetBrains\IntelliJ IDEA 2024.2.2\lib\idea_rt.jar=51326:C:\Program Files\JetBrains\IntelliJ IDEA 2024.2.2\bin -Dfile.encoding=UTF-8 -Dsun.stdout.encoding=UTF-8 -Dsun.stderr.encoding=UTF-8 org.iesbelen.SpringBootWebMvcJdbcVentasApplication

Host: Intel(R) Core(TM) i7-8700 CPU @ 3.20GHz, 12 cores, 15G,  Windows 11 , 64 bit Build 22621 (10.0.22621.4391)
Time: Thu Feb  6 12:16:49 2025 Hora estándar romance elapsed time: 0.463809 seconds (0d 0h 0m 0s)

---------------  T H R E A D  ---------------

Current thread (0x00000281001d3ad0):  JavaThread "C1 CompilerThread0" daemon [_thread_in_native, id=3780, stack(0x0000008b1d700000,0x0000008b1d800000) (1024K)]


Current CompileTask:
C1:    463 1314       1       java.net.URLStreamHandler::
[error occurred during error reporting (printing current compile task), id 0xe0000001, Out of Memory Error (s\open\src\hotspot\share\memory\arena.cpp:168)]
Stack: [0x0000008b1d700000,0x0000008b1d800000]
Native frames: (J=compiled Java code, j=interpreted, Vv=VM code, C=native code)
V  [jvm.dll+0x6c8e59]
V  [jvm.dll+0x853181]
V  [jvm.dll+0x8556ae]
V  [jvm.dll+0x855d83]
V  [jvm.dll+0x27d526]
V  [jvm.dll+0xc4aad]
V  [jvm.dll+0xc4fe3]
V  [jvm.dll+0x7bf95d]
V  [jvm.dll+0x67c0e5]
V  [jvm.dll+0x258dd7]
V  [jvm.dll+0x259367]
V  [jvm.dll+0x852ff7]
V  [jvm.dll+0x8556ae]
V  [jvm.dll+0x855d83]
V  [jvm.dll+0x27d526]
V  [jvm.dll+0xc4aad]
V  [jvm.dll+0xc4fe3]
V  [jvm.dll+0x1978af]
V  [jvm.dll+0x196464]
V  [jvm.dll+0x19672a]
V  [jvm.dll+0x1985ce]
V  [jvm.dll+0x153363]
V  [jvm.dll+0x152ba8]
V  [jvm.dll+0x152df4]
V  [jvm.dll+0x152226]
V  [jvm.dll+0x153ffd]
V  [jvm.dll+0x254d49]
V  [jvm.dll+0x2532da]
V  [jvm.dll+0x3ed426]
V  [jvm.dll+0x7fd65b]
V  [jvm.dll+0x6c753d]
C  [ucrtbase.dll+0x29333]
C  [KERNEL32.DLL+0x1259d]
C  [ntdll.dll+0x5af38]


---------------  P R O C E S S  ---------------

Threads class SMR info:
_java_thread_list=0x000002810091ece0, length=15, elements={
0x000002816a9b9df0, 0x00000281001c4790, 0x00000281001c56b0, 0x00000281001c6930,
0x00000281001caf80, 0x00000281001cc0d0, 0x00000281001d2060, 0x00000281001d3ad0,
0x000002810040c070, 0x0000028100190290, 0x0000028100190940, 0x00000281003a8870,
0x000002810040c700, 0x000002810040d420, 0x000002810040dab0
}

Java Threads: ( => current thread )
  0x000002816a9b9df0 JavaThread "main"                              [_thread_in_vm, id=2728, stack(0x0000008b1c900000,0x0000008b1ca00000) (1024K)]
  0x00000281001c4790 JavaThread "Reference Handler"          daemon [_thread_blocked, id=1840, stack(0x0000008b1d100000,0x0000008b1d200000) (1024K)]
  0x00000281001c56b0 JavaThread "Finalizer"                  daemon [_thread_blocked, id=10712, stack(0x0000008b1d200000,0x0000008b1d300000) (1024K)]
  0x00000281001c6930 JavaThread "Signal Dispatcher"          daemon [_thread_blocked, id=10592, stack(0x0000008b1d300000,0x0000008b1d400000) (1024K)]
  0x00000281001caf80 JavaThread "Attach Listener"            daemon [_thread_blocked, id=12868, stack(0x0000008b1d400000,0x0000008b1d500000) (1024K)]
  0x00000281001cc0d0 JavaThread "Service Thread"             daemon [_thread_blocked, id=8564, stack(0x0000008b1d500000,0x0000008b1d600000) (1024K)]
  0x00000281001d2060 JavaThread "Monitor Deflation Thread"   daemon [_thread_blocked, id=4008, stack(0x0000008b1d600000,0x0000008b1d700000) (1024K)]
=>0x00000281001d3ad0 JavaThread "C1 CompilerThread0"         daemon [_thread_in_native, id=3780, stack(0x0000008b1d700000,0x0000008b1d800000) (1024K)]
  0x000002810040c070 JavaThread "Common-Cleaner"             daemon [_thread_blocked, id=10316, stack(0x0000008b1d800000,0x0000008b1d900000) (1024K)]
  0x0000028100190290 JavaThread "C1 CompilerThread1"         daemon [_thread_blocked, id=13180, stack(0x0000008b1d900000,0x0000008b1da00000) (1024K)]
  0x0000028100190940 JavaThread "C1 CompilerThread2"         daemon [_thread_in_native, id=13072, stack(0x0000008b1da00000,0x0000008b1db00000) (1024K)]
  0x00000281003a8870 JavaThread "C1 CompilerThread3"         daemon [_thread_blocked, id=12948, stack(0x0000008b1db00000,0x0000008b1dc00000) (1024K)]
  0x000002810040c700 JavaThread "Monitor Ctrl-Break"         daemon [_thread_in_native, id=6328, stack(0x0000008b1dc00000,0x0000008b1dd00000) (1024K)]
  0x000002810040d420 JavaThread "Notification Thread"        daemon [_thread_blocked, id=2804, stack(0x0000008b1dd00000,0x0000008b1de00000) (1024K)]
  0x000002810040dab0 JavaThread "RMI TCP Accept-0"           daemon [_thread_in_native, id=2872, stack(0x0000008b1de00000,0x0000008b1df00000) (1024K)]
Total: 15

Other Threads:
  0x00000281001a8c50 VMThread "VM Thread"                           [id=888, stack(0x0000008b1d000000,0x0000008b1d100000) (1024K)]
  0x000002810018f450 WatcherThread "VM Periodic Task Thread"        [id=12772, stack(0x0000008b1cf00000,0x0000008b1d000000) (1024K)]
  0x000002816ccf8bd0 WorkerThread "GC Thread#0"                     [id=11980, stack(0x0000008b1ca00000,0x0000008b1cb00000) (1024K)]
  0x000002816cd0adf0 ConcurrentGCThread "G1 Main Marker"            [id=7220, stack(0x0000008b1cb00000,0x0000008b1cc00000) (1024K)]
  0x000002816cd0c090 WorkerThread "G1 Conc#0"                       [id=12560, stack(0x0000008b1cc00000,0x0000008b1cd00000) (1024K)]
  0x000002810005f1d0 ConcurrentGCThread "G1 Refine#0"               [id=9448, stack(0x0000008b1cd00000,0x0000008b1ce00000) (1024K)]
  0x0000028100061b60 ConcurrentGCThread "G1 Service"                [id=8108, stack(0x0000008b1ce00000,0x0000008b1cf00000) (1024K)]
Total: 7

Threads with active compile tasks:
C1 CompilerThread0      498 1314       1       java.net.URLStreamHandler::parseURL (1124 bytes)
C1 CompilerThread2      499 1318       1       java.io.WinNTFileSystem::resolve (326 bytes)
Total: 2

VM state: not at safepoint (normal execution)

VM Mutex/Monitor currently owned by a thread: None

Heap address: 0x0000000703800000, size: 4040 MB, Compressed Oops mode: Zero based, Oop shift amount: 3

CDS archive(s) mapped at: [0x0000028101000000-0x0000028101c90000-0x0000028101c90000), size 13172736, SharedBaseAddress: 0x0000028101000000, ArchiveRelocationMode: 1.
Compressed class space mapped at: 0x0000028102000000-0x0000028142000000, reserved size: 1073741824
Narrow klass base: 0x0000028101000000, Narrow klass shift: 0, Narrow klass range: 0x100000000

GC Precious Log:
 CardTable entry size: 512
 Card Set container configuration: InlinePtr #cards 4 size 8 Array Of Cards #cards 16 size 48 Howl #buckets 8 coarsen threshold 3686 Howl Bitmap #cards 512 size 80 coarsen threshold 460 Card regions per heap region 1 cards per card region 4096
 CPUs: 12 total, 12 available
 Memory: 16158M
 Large Page Support: Disabled
 NUMA Support: Disabled
 Compressed Oops: Enabled (Zero based)
 Heap Region Size: 2M
 Heap Min Capacity: 8M
 Heap Initial Capacity: 254M
 Heap Max Capacity: 4040M
 Pre-touch: Disabled
 Parallel Workers: 10
 Concurrent Workers: 3
 Concurrent Refinement Workers: 10
 Periodic GC: Disabled

Heap:
 garbage-first heap   total 260096K, used 18432K [0x0000000703800000, 0x0000000800000000)
  region size 2048K, 10 young (20480K), 0 survivors (0K)
 Metaspace       used 6693K, committed 6848K, reserved 1114112K
  class space    used 802K, committed 896K, reserved 1048576K

Heap Regions: E=young(eden), S=young(survivor), O=old, HS=humongous(starts), HC=humongous(continues), CS=collection set, F=free, TAMS=top-at-mark-start, PB=parsable bottom
|   0|0x0000000703800000, 0x0000000703800000, 0x0000000703a00000|  0%| F|  |TAMS 0x0000000703800000| PB 0x0000000703800000| Untracked 
|   1|0x0000000703a00000, 0x0000000703a00000, 0x0000000703c00000|  0%| F|  |TAMS 0x0000000703a00000| PB 0x0000000703a00000| Untracked 
|   2|0x0000000703c00000, 0x0000000703c00000, 0x0000000703e00000|  0%| F|  |TAMS 0x0000000703c00000| PB 0x0000000703c00000| Untracked 
|   3|0x0000000703e00000, 0x0000000703e00000, 0x0000000704000000|  0%| F|  |TAMS 0x0000000703e00000| PB 0x0000000703e00000| Untracked 
|   4|0x0000000704000000, 0x0000000704000000, 0x0000000704200000|  0%| F|  |TAMS 0x0000000704000000| PB 0x0000000704000000| Untracked 
|   5|0x0000000704200000, 0x0000000704200000, 0x0000000704400000|  0%| F|  |TAMS 0x0000000704200000| PB 0x0000000704200000| Untracked 
|   6|0x0000000704400000, 0x0000000704400000, 0x0000000704600000|  0%| F|  |TAMS 0x0000000704400000| PB 0x0000000704400000| Untracked 
|   7|0x0000000704600000, 0x0000000704600000, 0x0000000704800000|  0%| F|  |TAMS 0x0000000704600000| PB 0x0000000704600000| Untracked 
|   8|0x0000000704800000, 0x0000000704800000, 0x0000000704a00000|  0%| F|  |TAMS 0x0000000704800000| PB 0x0000000704800000| Untracked 
|   9|0x0000000704a00000, 0x0000000704a00000, 0x0000000704c00000|  0%| F|  |TAMS 0x0000000704a00000| PB 0x0000000704a00000| Untracked 
|  10|0x0000000704c00000, 0x0000000704c00000, 0x0000000704e00000|  0%| F|  |TAMS 0x0000000704c00000| PB 0x0000000704c00000| Untracked 
|  11|0x0000000704e00000, 0x0000000704e00000, 0x0000000705000000|  0%| F|  |TAMS 0x0000000704e00000| PB 0x0000000704e00000| Untracked 
|  12|0x0000000705000000, 0x0000000705000000, 0x0000000705200000|  0%| F|  |TAMS 0x0000000705000000| PB 0x0000000705000000| Untracked 
|  13|0x0000000705200000, 0x0000000705200000, 0x0000000705400000|  0%| F|  |TAMS 0x0000000705200000| PB 0x0000000705200000| Untracked 
|  14|0x0000000705400000, 0x0000000705400000, 0x0000000705600000|  0%| F|  |TAMS 0x0000000705400000| PB 0x0000000705400000| Untracked 
|  15|0x0000000705600000, 0x0000000705600000, 0x0000000705800000|  0%| F|  |TAMS 0x0000000705600000| PB 0x0000000705600000| Untracked 
|  16|0x0000000705800000, 0x0000000705800000, 0x0000000705a00000|  0%| F|  |TAMS 0x0000000705800000| PB 0x0000000705800000| Untracked 
|  17|0x0000000705a00000, 0x0000000705a00000, 0x0000000705c00000|  0%| F|  |TAMS 0x0000000705a00000| PB 0x0000000705a00000| Untracked 
|  18|0x0000000705c00000, 0x0000000705c00000, 0x0000000705e00000|  0%| F|  |TAMS 0x0000000705c00000| PB 0x0000000705c00000| Untracked 
|  19|0x0000000705e00000, 0x0000000705e00000, 0x0000000706000000|  0%| F|  |TAMS 0x0000000705e00000| PB 0x0000000705e00000| Untracked 
|  20|0x0000000706000000, 0x0000000706000000, 0x0000000706200000|  0%| F|  |TAMS 0x0000000706000000| PB 0x0000000706000000| Untracked 
|  21|0x0000000706200000, 0x0000000706200000, 0x0000000706400000|  0%| F|  |TAMS 0x0000000706200000| PB 0x0000000706200000| Untracked 
|  22|0x0000000706400000, 0x0000000706400000, 0x0000000706600000|  0%| F|  |TAMS 0x0000000706400000| PB 0x0000000706400000| Untracked 
|  23|0x0000000706600000, 0x0000000706600000, 0x0000000706800000|  0%| F|  |TAMS 0x0000000706600000| PB 0x0000000706600000| Untracked 
|  24|0x0000000706800000, 0x0000000706800000, 0x0000000706a00000|  0%| F|  |TAMS 0x0000000706800000| PB 0x0000000706800000| Untracked 
|  25|0x0000000706a00000, 0x0000000706a00000, 0x0000000706c00000|  0%| F|  |TAMS 0x0000000706a00000| PB 0x0000000706a00000| Untracked 
|  26|0x0000000706c00000, 0x0000000706c00000, 0x0000000706e00000|  0%| F|  |TAMS 0x0000000706c00000| PB 0x0000000706c00000| Untracked 
|  27|0x0000000706e00000, 0x0000000706e00000, 0x0000000707000000|  0%| F|  |TAMS 0x0000000706e00000| PB 0x0000000706e00000| Untracked 
|  28|0x0000000707000000, 0x0000000707000000, 0x0000000707200000|  0%| F|  |TAMS 0x0000000707000000| PB 0x0000000707000000| Untracked 
|  29|0x0000000707200000, 0x0000000707200000, 0x0000000707400000|  0%| F|  |TAMS 0x0000000707200000| PB 0x0000000707200000| Untracked 
|  30|0x0000000707400000, 0x0000000707400000, 0x0000000707600000|  0%| F|  |TAMS 0x0000000707400000| PB 0x0000000707400000| Untracked 
|  31|0x0000000707600000, 0x0000000707600000, 0x0000000707800000|  0%| F|  |TAMS 0x0000000707600000| PB 0x0000000707600000| Untracked 
|  32|0x0000000707800000, 0x0000000707800000, 0x0000000707a00000|  0%| F|  |TAMS 0x0000000707800000| PB 0x0000000707800000| Untracked 
|  33|0x0000000707a00000, 0x0000000707a00000, 0x0000000707c00000|  0%| F|  |TAMS 0x0000000707a00000| PB 0x0000000707a00000| Untracked 
|  34|0x0000000707c00000, 0x0000000707c00000, 0x0000000707e00000|  0%| F|  |TAMS 0x0000000707c00000| PB 0x0000000707c00000| Untracked 
|  35|0x0000000707e00000, 0x0000000707e00000, 0x0000000708000000|  0%| F|  |TAMS 0x0000000707e00000| PB 0x0000000707e00000| Untracked 
|  36|0x0000000708000000, 0x0000000708000000, 0x0000000708200000|  0%| F|  |TAMS 0x0000000708000000| PB 0x0000000708000000| Untracked 
|  37|0x0000000708200000, 0x0000000708200000, 0x0000000708400000|  0%| F|  |TAMS 0x0000000708200000| PB 0x0000000708200000| Untracked 
|  38|0x0000000708400000, 0x0000000708400000, 0x0000000708600000|  0%| F|  |TAMS 0x0000000708400000| PB 0x0000000708400000| Untracked 
|  39|0x0000000708600000, 0x0000000708600000, 0x0000000708800000|  0%| F|  |TAMS 0x0000000708600000| PB 0x0000000708600000| Untracked 
|  40|0x0000000708800000, 0x0000000708800000, 0x0000000708a00000|  0%| F|  |TAMS 0x0000000708800000| PB 0x0000000708800000| Untracked 
|  41|0x0000000708a00000, 0x0000000708a00000, 0x0000000708c00000|  0%| F|  |TAMS 0x0000000708a00000| PB 0x0000000708a00000| Untracked 
|  42|0x0000000708c00000, 0x0000000708c00000, 0x0000000708e00000|  0%| F|  |TAMS 0x0000000708c00000| PB 0x0000000708c00000| Untracked 
|  43|0x0000000708e00000, 0x0000000708e00000, 0x0000000709000000|  0%| F|  |TAMS 0x0000000708e00000| PB 0x0000000708e00000| Untracked 
|  44|0x0000000709000000, 0x0000000709000000, 0x0000000709200000|  0%| F|  |TAMS 0x0000000709000000| PB 0x0000000709000000| Untracked 
|  45|0x0000000709200000, 0x0000000709200000, 0x0000000709400000|  0%| F|  |TAMS 0x0000000709200000| PB 0x0000000709200000| Untracked 
|  46|0x0000000709400000, 0x0000000709400000, 0x0000000709600000|  0%| F|  |TAMS 0x0000000709400000| PB 0x0000000709400000| Untracked 
|  47|0x0000000709600000, 0x0000000709600000, 0x0000000709800000|  0%| F|  |TAMS 0x0000000709600000| PB 0x0000000709600000| Untracked 
|  48|0x0000000709800000, 0x0000000709800000, 0x0000000709a00000|  0%| F|  |TAMS 0x0000000709800000| PB 0x0000000709800000| Untracked 
|  49|0x0000000709a00000, 0x0000000709a00000, 0x0000000709c00000|  0%| F|  |TAMS 0x0000000709a00000| PB 0x0000000709a00000| Untracked 
|  50|0x0000000709c00000, 0x0000000709c00000, 0x0000000709e00000|  0%| F|  |TAMS 0x0000000709c00000| PB 0x0000000709c00000| Untracked 
|  51|0x0000000709e00000, 0x0000000709e00000, 0x000000070a000000|  0%| F|  |TAMS 0x0000000709e00000| PB 0x0000000709e00000| Untracked 
|  52|0x000000070a000000, 0x000000070a000000, 0x000000070a200000|  0%| F|  |TAMS 0x000000070a000000| PB 0x000000070a000000| Untracked 
|  53|0x000000070a200000, 0x000000070a200000, 0x000000070a400000|  0%| F|  |TAMS 0x000000070a200000| PB 0x000000070a200000| Untracked 
|  54|0x000000070a400000, 0x000000070a400000, 0x000000070a600000|  0%| F|  |TAMS 0x000000070a400000| PB 0x000000070a400000| Untracked 
|  55|0x000000070a600000, 0x000000070a600000, 0x000000070a800000|  0%| F|  |TAMS 0x000000070a600000| PB 0x000000070a600000| Untracked 
|  56|0x000000070a800000, 0x000000070a800000, 0x000000070aa00000|  0%| F|  |TAMS 0x000000070a800000| PB 0x000000070a800000| Untracked 
|  57|0x000000070aa00000, 0x000000070aa00000, 0x000000070ac00000|  0%| F|  |TAMS 0x000000070aa00000| PB 0x000000070aa00000| Untracked 
|  58|0x000000070ac00000, 0x000000070ac00000, 0x000000070ae00000|  0%| F|  |TAMS 0x000000070ac00000| PB 0x000000070ac00000| Untracked 
|  59|0x000000070ae00000, 0x000000070ae00000, 0x000000070b000000|  0%| F|  |TAMS 0x000000070ae00000| PB 0x000000070ae00000| Untracked 
|  60|0x000000070b000000, 0x000000070b000000, 0x000000070b200000|  0%| F|  |TAMS 0x000000070b000000| PB 0x000000070b000000| Untracked 
|  61|0x000000070b200000, 0x000000070b200000, 0x000000070b400000|  0%| F|  |TAMS 0x000000070b200000| PB 0x000000070b200000| Untracked 
|  62|0x000000070b400000, 0x000000070b400000, 0x000000070b600000|  0%| F|  |TAMS 0x000000070b400000| PB 0x000000070b400000| Untracked 
|  63|0x000000070b600000, 0x000000070b600000, 0x000000070b800000|  0%| F|  |TAMS 0x000000070b600000| PB 0x000000070b600000| Untracked 
|  64|0x000000070b800000, 0x000000070b800000, 0x000000070ba00000|  0%| F|  |TAMS 0x000000070b800000| PB 0x000000070b800000| Untracked 
|  65|0x000000070ba00000, 0x000000070ba00000, 0x000000070bc00000|  0%| F|  |TAMS 0x000000070ba00000| PB 0x000000070ba00000| Untracked 
|  66|0x000000070bc00000, 0x000000070bc00000, 0x000000070be00000|  0%| F|  |TAMS 0x000000070bc00000| PB 0x000000070bc00000| Untracked 
|  67|0x000000070be00000, 0x000000070be00000, 0x000000070c000000|  0%| F|  |TAMS 0x000000070be00000| PB 0x000000070be00000| Untracked 
|  68|0x000000070c000000, 0x000000070c000000, 0x000000070c200000|  0%| F|  |TAMS 0x000000070c000000| PB 0x000000070c000000| Untracked 
|  69|0x000000070c200000, 0x000000070c200000, 0x000000070c400000|  0%| F|  |TAMS 0x000000070c200000| PB 0x000000070c200000| Untracked 
|  70|0x000000070c400000, 0x000000070c400000, 0x000000070c600000|  0%| F|  |TAMS 0x000000070c400000| PB 0x000000070c400000| Untracked 
|  71|0x000000070c600000, 0x000000070c600000, 0x000000070c800000|  0%| F|  |TAMS 0x000000070c600000| PB 0x000000070c600000| Untracked 
|  72|0x000000070c800000, 0x000000070c800000, 0x000000070ca00000|  0%| F|  |TAMS 0x000000070c800000| PB 0x000000070c800000| Untracked 
|  73|0x000000070ca00000, 0x000000070ca00000, 0x000000070cc00000|  0%| F|  |TAMS 0x000000070ca00000| PB 0x000000070ca00000| Untracked 
|  74|0x000000070cc00000, 0x000000070cc00000, 0x000000070ce00000|  0%| F|  |TAMS 0x000000070cc00000| PB 0x000000070cc00000| Untracked 
|  75|0x000000070ce00000, 0x000000070ce00000, 0x000000070d000000|  0%| F|  |TAMS 0x000000070ce00000| PB 0x000000070ce00000| Untracked 
|  76|0x000000070d000000, 0x000000070d000000, 0x000000070d200000|  0%| F|  |TAMS 0x000000070d000000| PB 0x000000070d000000| Untracked 
|  77|0x000000070d200000, 0x000000070d200000, 0x000000070d400000|  0%| F|  |TAMS 0x000000070d200000| PB 0x000000070d200000| Untracked 
|  78|0x000000070d400000, 0x000000070d400000, 0x000000070d600000|  0%| F|  |TAMS 0x000000070d400000| PB 0x000000070d400000| Untracked 
|  79|0x000000070d600000, 0x000000070d600000, 0x000000070d800000|  0%| F|  |TAMS 0x000000070d600000| PB 0x000000070d600000| Untracked 
|  80|0x000000070d800000, 0x000000070d800000, 0x000000070da00000|  0%| F|  |TAMS 0x000000070d800000| PB 0x000000070d800000| Untracked 
|  81|0x000000070da00000, 0x000000070da00000, 0x000000070dc00000|  0%| F|  |TAMS 0x000000070da00000| PB 0x000000070da00000| Untracked 
|  82|0x000000070dc00000, 0x000000070dc00000, 0x000000070de00000|  0%| F|  |TAMS 0x000000070dc00000| PB 0x000000070dc00000| Untracked 
|  83|0x000000070de00000, 0x000000070de00000, 0x000000070e000000|  0%| F|  |TAMS 0x000000070de00000| PB 0x000000070de00000| Untracked 
|  84|0x000000070e000000, 0x000000070e000000, 0x000000070e200000|  0%| F|  |TAMS 0x000000070e000000| PB 0x000000070e000000| Untracked 
|  85|0x000000070e200000, 0x000000070e200000, 0x000000070e400000|  0%| F|  |TAMS 0x000000070e200000| PB 0x000000070e200000| Untracked 
|  86|0x000000070e400000, 0x000000070e400000, 0x000000070e600000|  0%| F|  |TAMS 0x000000070e400000| PB 0x000000070e400000| Untracked 
|  87|0x000000070e600000, 0x000000070e600000, 0x000000070e800000|  0%| F|  |TAMS 0x000000070e600000| PB 0x000000070e600000| Untracked 
|  88|0x000000070e800000, 0x000000070e800000, 0x000000070ea00000|  0%| F|  |TAMS 0x000000070e800000| PB 0x000000070e800000| Untracked 
|  89|0x000000070ea00000, 0x000000070ea00000, 0x000000070ec00000|  0%| F|  |TAMS 0x000000070ea00000| PB 0x000000070ea00000| Untracked 
|  90|0x000000070ec00000, 0x000000070ec00000, 0x000000070ee00000|  0%| F|  |TAMS 0x000000070ec00000| PB 0x000000070ec00000| Untracked 
|  91|0x000000070ee00000, 0x000000070ee00000, 0x000000070f000000|  0%| F|  |TAMS 0x000000070ee00000| PB 0x000000070ee00000| Untracked 
|  92|0x000000070f000000, 0x000000070f000000, 0x000000070f200000|  0%| F|  |TAMS 0x000000070f000000| PB 0x000000070f000000| Untracked 
|  93|0x000000070f200000, 0x000000070f200000, 0x000000070f400000|  0%| F|  |TAMS 0x000000070f200000| PB 0x000000070f200000| Untracked 
|  94|0x000000070f400000, 0x000000070f400000, 0x000000070f600000|  0%| F|  |TAMS 0x000000070f400000| PB 0x000000070f400000| Untracked 
|  95|0x000000070f600000, 0x000000070f600000, 0x000000070f800000|  0%| F|  |TAMS 0x000000070f600000| PB 0x000000070f600000| Untracked 
|  96|0x000000070f800000, 0x000000070f800000, 0x000000070fa00000|  0%| F|  |TAMS 0x000000070f800000| PB 0x000000070f800000| Untracked 
|  97|0x000000070fa00000, 0x000000070fa00000, 0x000000070fc00000|  0%| F|  |TAMS 0x000000070fa00000| PB 0x000000070fa00000| Untracked 
|  98|0x000000070fc00000, 0x000000070fc00000, 0x000000070fe00000|  0%| F|  |TAMS 0x000000070fc00000| PB 0x000000070fc00000| Untracked 
|  99|0x000000070fe00000, 0x000000070fe00000, 0x0000000710000000|  0%| F|  |TAMS 0x000000070fe00000| PB 0x000000070fe00000| Untracked 
| 100|0x0000000710000000, 0x0000000710000000, 0x0000000710200000|  0%| F|  |TAMS 0x0000000710000000| PB 0x0000000710000000| Untracked 
| 101|0x0000000710200000, 0x0000000710200000, 0x0000000710400000|  0%| F|  |TAMS 0x0000000710200000| PB 0x0000000710200000| Untracked 
| 102|0x0000000710400000, 0x0000000710400000, 0x0000000710600000|  0%| F|  |TAMS 0x0000000710400000| PB 0x0000000710400000| Untracked 
| 103|0x0000000710600000, 0x0000000710600000, 0x0000000710800000|  0%| F|  |TAMS 0x0000000710600000| PB 0x0000000710600000| Untracked 
| 104|0x0000000710800000, 0x0000000710800000, 0x0000000710a00000|  0%| F|  |TAMS 0x0000000710800000| PB 0x0000000710800000| Untracked 
| 105|0x0000000710a00000, 0x0000000710a00000, 0x0000000710c00000|  0%| F|  |TAMS 0x0000000710a00000| PB 0x0000000710a00000| Untracked 
| 106|0x0000000710c00000, 0x0000000710c00000, 0x0000000710e00000|  0%| F|  |TAMS 0x0000000710c00000| PB 0x0000000710c00000| Untracked 
| 107|0x0000000710e00000, 0x0000000710e00000, 0x0000000711000000|  0%| F|  |TAMS 0x0000000710e00000| PB 0x0000000710e00000| Untracked 
| 108|0x0000000711000000, 0x0000000711000000, 0x0000000711200000|  0%| F|  |TAMS 0x0000000711000000| PB 0x0000000711000000| Untracked 
| 109|0x0000000711200000, 0x0000000711200000, 0x0000000711400000|  0%| F|  |TAMS 0x0000000711200000| PB 0x0000000711200000| Untracked 
| 110|0x0000000711400000, 0x0000000711400000, 0x0000000711600000|  0%| F|  |TAMS 0x0000000711400000| PB 0x0000000711400000| Untracked 
| 111|0x0000000711600000, 0x0000000711600000, 0x0000000711800000|  0%| F|  |TAMS 0x0000000711600000| PB 0x0000000711600000| Untracked 
| 112|0x0000000711800000, 0x0000000711800000, 0x0000000711a00000|  0%| F|  |TAMS 0x0000000711800000| PB 0x0000000711800000| Untracked 
| 113|0x0000000711a00000, 0x0000000711a00000, 0x0000000711c00000|  0%| F|  |TAMS 0x0000000711a00000| PB 0x0000000711a00000| Untracked 
| 114|0x0000000711c00000, 0x0000000711c00000, 0x0000000711e00000|  0%| F|  |TAMS 0x0000000711c00000| PB 0x0000000711c00000| Untracked 
| 115|0x0000000711e00000, 0x0000000711e00000, 0x0000000712000000|  0%| F|  |TAMS 0x0000000711e00000| PB 0x0000000711e00000| Untracked 
| 116|0x0000000712000000, 0x0000000712000000, 0x0000000712200000|  0%| F|  |TAMS 0x0000000712000000| PB 0x0000000712000000| Untracked 
| 117|0x0000000712200000, 0x00000007122e1cc8, 0x0000000712400000| 44%| E|  |TAMS 0x0000000712200000| PB 0x0000000712200000| Complete 
| 118|0x0000000712400000, 0x0000000712600000, 0x0000000712600000|100%| E|CS|TAMS 0x0000000712400000| PB 0x0000000712400000| Complete 
| 119|0x0000000712600000, 0x0000000712800000, 0x0000000712800000|100%| E|CS|TAMS 0x0000000712600000| PB 0x0000000712600000| Complete 
| 120|0x0000000712800000, 0x0000000712a00000, 0x0000000712a00000|100%| E|CS|TAMS 0x0000000712800000| PB 0x0000000712800000| Complete 
| 121|0x0000000712a00000, 0x0000000712c00000, 0x0000000712c00000|100%| E|CS|TAMS 0x0000000712a00000| PB 0x0000000712a00000| Complete 
| 122|0x0000000712c00000, 0x0000000712e00000, 0x0000000712e00000|100%| E|CS|TAMS 0x0000000712c00000| PB 0x0000000712c00000| Complete 
| 123|0x0000000712e00000, 0x0000000713000000, 0x0000000713000000|100%| E|CS|TAMS 0x0000000712e00000| PB 0x0000000712e00000| Complete 
| 124|0x0000000713000000, 0x0000000713200000, 0x0000000713200000|100%| E|CS|TAMS 0x0000000713000000| PB 0x0000000713000000| Complete 
| 125|0x0000000713200000, 0x0000000713400000, 0x0000000713400000|100%| E|CS|TAMS 0x0000000713200000| PB 0x0000000713200000| Complete 
| 126|0x0000000713400000, 0x0000000713600000, 0x0000000713600000|100%| E|CS|TAMS 0x0000000713400000| PB 0x0000000713400000| Complete 

Card table byte_map: [0x0000028178c20000,0x0000028179410000] _byte_map_base: 0x0000028175404000

Marking Bits: (CMBitMap*) 0x000002816ccf92d0
 Bits: [0x0000028179410000, 0x000002817d330000)

Polling page: 0x000002816c450000

Metaspace:

Usage:
  Non-class:      5.75 MB used.
      Class:    802.72 KB used.
       Both:      6.54 MB used.

Virtual space:
  Non-class space:       64.00 MB reserved,       5.81 MB (  9%) committed,  1 nodes.
      Class space:        1.00 GB reserved,     896.00 KB ( <1%) committed,  1 nodes.
             Both:        1.06 GB reserved,       6.69 MB ( <1%) committed. 

Chunk freelists:
   Non-Class:  9.82 MB
       Class:  15.08 MB
        Both:  24.90 MB

MaxMetaspaceSize: unlimited
CompressedClassSpaceSize: 1.00 GB
Initial GC threshold: 21.00 MB
Current GC threshold: 21.00 MB
CDS: on
 - commit_granule_bytes: 65536.
 - commit_granule_words: 8192.
 - virtual_space_node_default_size: 8388608.
 - enlarge_chunks_in_place: 1.
 - use_allocation_guard: 0.


Internal statistics:

num_allocs_failed_limit: 0.
num_arena_births: 134.
num_arena_deaths: 0.
num_vsnodes_births: 2.
num_vsnodes_deaths: 0.
num_space_committed: 107.
num_space_uncommitted: 0.
num_chunks_returned_to_freelist: 0.
num_chunks_taken_from_freelist: 203.
num_chunk_merges: 0.
num_chunk_splits: 139.
num_chunks_enlarged: 90.
num_inconsistent_stats: 0.

CodeCache: size=49152Kb used=4816Kb max_used=4816Kb free=44335Kb
 bounds [0x0000028175100000, 0x00000281755c0000, 0x0000028178100000]
 total_blobs=1791 nmethods=1317 adapters=396
 compilation: enabled
              stopped_count=0, restarted_count=0
 full_count=0

Compilation events (20 events):
Event: 0.453 Thread 0x00000281001d3ad0 nmethod 1308 0x00000281755b1290 code [0x00000281755b1440, 0x00000281755b1590]
Event: 0.455 Thread 0x0000028100190290 1309       1       java.net.URL::toString (5 bytes)
Event: 0.455 Thread 0x00000281003a8870 1310       1       java.net.URL::toExternalForm (9 bytes)
Event: 0.455 Thread 0x0000028100190940 1311       1       java.net.URLStreamHandler::toExternalForm (156 bytes)
Event: 0.455 Thread 0x0000028100190290 nmethod 1309 0x00000281755b1610 code [0x00000281755b17a0, 0x00000281755b18a0]
Event: 0.455 Thread 0x00000281003a8870 nmethod 1310 0x00000281755b1990 code [0x00000281755b1b20, 0x00000281755b1c20]
Event: 0.455 Thread 0x0000028100190940 nmethod 1311 0x00000281755b1d10 code [0x00000281755b1fe0, 0x00000281755b2800]
Event: 0.455 Thread 0x0000028100190940 1312       1       java.lang.invoke.DirectMethodHandle::isCrackable (5 bytes)
Event: 0.455 Thread 0x00000281001d3ad0 1313       1       jdk.internal.misc.CDS::isDumpingArchive (4 bytes)
Event: 0.455 Thread 0x0000028100190940 nmethod 1312 0x00000281755b2c90 code [0x00000281755b2e20, 0x00000281755b2ef0]
Event: 0.455 Thread 0x00000281001d3ad0 nmethod 1313 0x00000281755b2f90 code [0x00000281755b3120, 0x00000281755b31c8]
Event: 0.456 Thread 0x00000281001d3ad0 1314       1       java.net.URLStreamHandler::parseURL (1124 bytes)
Event: 0.457 Thread 0x0000028100190290 1315       1       java.lang.invoke.MethodHandle::keepsAlive (20 bytes)
Event: 0.457 Thread 0x0000028100190290 nmethod 1315 0x00000281755b3290 code [0x00000281755b3440, 0x00000281755b3678]
Event: 0.459 Thread 0x0000028100190940 1316       1       java.util.concurrent.locks.ReentrantLock::<init> (16 bytes)
Event: 0.459 Thread 0x0000028100190940 nmethod 1316 0x00000281755b3790 code [0x00000281755b3920, 0x00000281755b3aa0]
Event: 0.460 Thread 0x0000028100190940 1317       1       java.lang.reflect.Constructor::getModifiers (5 bytes)
Event: 0.460 Thread 0x0000028100190940 nmethod 1317 0x00000281755b3b10 code [0x00000281755b3ca0, 0x00000281755b3d68]
Event: 0.462 Thread 0x0000028100190940 1318       1       java.io.WinNTFileSystem::resolve (326 bytes)
Event: 0.462 Thread 0x0000028100190290 1319       1       java.lang.String::<init> (10 bytes)

GC Heap History (0 events):
No events

Dll operation events (11 events):
Event: 0.008 Loaded shared library C:\Program Files\Java\jdk-21\bin\java.dll
Event: 0.089 Loaded shared library C:\Program Files\Java\jdk-21\bin\zip.dll
Event: 0.091 Loaded shared library C:\Program Files\Java\jdk-21\bin\instrument.dll
Event: 0.095 Loaded shared library C:\Program Files\Java\jdk-21\bin\net.dll
Event: 0.096 Loaded shared library C:\Program Files\Java\jdk-21\bin\nio.dll
Event: 0.099 Loaded shared library C:\Program Files\Java\jdk-21\bin\zip.dll
Event: 0.148 Loaded shared library C:\Program Files\JetBrains\IntelliJ IDEA 2024.2.2\bin\breakgen64.dll
Event: 0.151 Loaded shared library C:\Program Files\Java\jdk-21\bin\jimage.dll
Event: 0.156 Loaded shared library C:\Program Files\Java\jdk-21\bin\extnet.dll
Event: 0.166 Loaded shared library C:\Program Files\Java\jdk-21\bin\management.dll
Event: 0.174 Loaded shared library C:\Program Files\Java\jdk-21\bin\management_ext.dll

Deoptimization events (0 events):
No events

Classes loaded (20 events):
Event: 0.445 Loading class java/nio/file/FileSystemException done
Event: 0.445 Loading class java/nio/file/NoSuchFileException done
Event: 0.445 Loading class java/io/UncheckedIOException
Event: 0.445 Loading class java/io/UncheckedIOException done
Event: 0.446 Loading class java/net/HttpURLConnection
Event: 0.446 Loading class java/net/HttpURLConnection done
Event: 0.447 Loading class java/net/URLDecoder
Event: 0.447 Loading class java/net/URLDecoder done
Event: 0.450 Loading class java/util/stream/DistinctOps
Event: 0.450 Loading class java/util/stream/DistinctOps done
Event: 0.451 Loading class java/util/stream/DistinctOps$1
Event: 0.451 Loading class java/util/stream/ReferencePipeline$StatefulOp
Event: 0.451 Loading class java/util/stream/ReferencePipeline$StatefulOp done
Event: 0.451 Loading class java/util/stream/DistinctOps$1 done
Event: 0.451 Loading class java/util/stream/DistinctOps$1$2
Event: 0.451 Loading class java/util/stream/DistinctOps$1$2 done
Event: 0.457 Loading class java/lang/IllegalAccessException
Event: 0.458 Loading class java/lang/IllegalAccessException done
Event: 0.458 Loading class java/lang/reflect/UndeclaredThrowableException
Event: 0.458 Loading class java/lang/reflect/UndeclaredThrowableException done

Classes unloaded (0 events):
No events

Classes redefined (0 events):
No events

Internal exceptions (18 events):
Event: 0.141 Thread 0x000002816a9b9df0 Exception <a 'java/lang/NoSuchMethodError'{0x0000000712e98358}: 'void java.lang.invoke.DirectMethodHandle$Holder.invokeStatic(java.lang.Object, java.lang.Object, java.lang.Object)'> (0x0000000712e98358) 
thrown [s\open\src\hotspot\share\interpreter\linkResolver.cpp, line 773]
Event: 0.145 Thread 0x000002816a9b9df0 Exception <a 'java/lang/NoSuchMethodError'{0x0000000712eaf860}: 'java.lang.Object java.lang.invoke.Invokers$Holder.invokeExact_MT(java.lang.Object, java.lang.Object, java.lang.Object, java.lang.Object, java.lang.Object)'> (0x0000000712eaf860) 
thrown [s\open\src\hotspot\share\interpreter\linkResolver.cpp, line 773]
Event: 0.158 Thread 0x000002810040c700 Exception <a 'java/lang/NoSuchMethodError'{0x0000000712ec9978}: 'void java.lang.invoke.DirectMethodHandle$Holder.invokeStatic(java.lang.Object, java.lang.Object)'> (0x0000000712ec9978) 
thrown [s\open\src\hotspot\share\interpreter\linkResolver.cpp, line 773]
Event: 0.176 Thread 0x000002816a9b9df0 Exception <a 'java/lang/NoSuchMethodError'{0x0000000712f64f68}: 'int java.lang.invoke.DirectMethodHandle$Holder.invokeInterface(java.lang.Object, java.lang.Object)'> (0x0000000712f64f68) 
thrown [s\open\src\hotspot\share\interpreter\linkResolver.cpp, line 773]
Event: 0.176 Thread 0x000002816a9b9df0 Exception <a 'java/lang/IncompatibleClassChangeError'{0x0000000712f68280}: Found class java.lang.Object, but interface was expected> (0x0000000712f68280) 
thrown [s\open\src\hotspot\share\interpreter\linkResolver.cpp, line 840]
Event: 0.210 Thread 0x000002816a9b9df0 Exception <a 'java/lang/NoSuchMethodError'{0x0000000712c2f420}: 'int java.lang.invoke.DirectMethodHandle$Holder.invokeSpecial(java.lang.Object, java.lang.Object, java.lang.Object)'> (0x0000000712c2f420) 
thrown [s\open\src\hotspot\share\interpreter\linkResolver.cpp, line 773]
Event: 0.237 Thread 0x000002816a9b9df0 Exception <a 'java/lang/NoSuchMethodError'{0x0000000712d74eb8}: 'java.lang.Object java.lang.invoke.DirectMethodHandle$Holder.invokeStaticInit(java.lang.Object, java.lang.Object, java.lang.Object)'> (0x0000000712d74eb8) 
thrown [s\open\src\hotspot\share\interpreter\linkResolver.cpp, line 773]
Event: 0.284 Thread 0x000002816a9b9df0 Exception <a 'java/lang/NoSuchMethodError'{0x000000071286ebf0}: 'int java.lang.invoke.DirectMethodHandle$Holder.invokeSpecialIFC(java.lang.Object, java.lang.Object, java.lang.Object)'> (0x000000071286ebf0) 
thrown [s\open\src\hotspot\share\interpreter\linkResolver.cpp, line 773]
Event: 0.311 Thread 0x000002816a9b9df0 Exception <a 'java/lang/NoSuchMethodError'{0x00000007128e0608}: 'java.lang.Object java.lang.invoke.DirectMethodHandle$Holder.invokeStaticInit(java.lang.Object, int, int, int, int)'> (0x00000007128e0608) 
thrown [s\open\src\hotspot\share\interpreter\linkResolver.cpp, line 773]
Event: 0.324 Thread 0x000002816a9b9df0 Exception <a 'java/lang/NoSuchMethodError'{0x0000000712953020}: 'java.lang.Object java.lang.invoke.DirectMethodHandle$Holder.invokeStaticInit(java.lang.Object, java.lang.Object, int, int, int, int)'> (0x0000000712953020) 
thrown [s\open\src\hotspot\share\interpreter\linkResolver.cpp, line 773]
Event: 0.337 Thread 0x000002816a9b9df0 Exception <a 'java/lang/ClassNotFoundException'{0x000000071296fb08}: javax/management/remote/rmi/RMIServerImpl_Skel> (0x000000071296fb08) 
thrown [s\open\src\hotspot\share\classfile\systemDictionary.cpp, line 312]
Event: 0.344 Thread 0x000002816a9b9df0 Exception <a 'java/lang/NoSuchMethodError'{0x000000071298c9b8}: 'long java.lang.invoke.DirectMethodHandle$Holder.invokeSpecial(java.lang.Object, java.lang.Object)'> (0x000000071298c9b8) 
thrown [s\open\src\hotspot\share\interpreter\linkResolver.cpp, line 773]
Event: 0.344 Thread 0x000002816a9b9df0 Exception <a 'java/lang/NoSuchMethodError'{0x0000000712990080}: 'long java.lang.invoke.Invokers$Holder.invokeExact_MT(java.lang.Object, java.lang.Object)'> (0x0000000712990080) 
thrown [s\open\src\hotspot\share\interpreter\linkResolver.cpp, line 773]
Event: 0.349 Thread 0x000002816a9b9df0 Exception <a 'java/lang/NoSuchMethodError'{0x00000007129a91b8}: 'void java.lang.invoke.DirectMethodHandle$Holder.invokeSpecial(java.lang.Object, java.lang.Object, java.lang.Object)'> (0x00000007129a91b8) 
thrown [s\open\src\hotspot\share\interpreter\linkResolver.cpp, line 773]
Event: 0.384 Thread 0x000002816a9b9df0 Exception <a 'java/lang/ClassNotFoundException'{0x00000007126f98a0}: javax/smartcardio/CardPermission> (0x00000007126f98a0) 
thrown [s\open\src\hotspot\share\classfile\systemDictionary.cpp, line 312]
Event: 0.386 Thread 0x000002816a9b9df0 Exception <a 'java/io/FileNotFoundException'{0x0000000712707e00}> (0x0000000712707e00) 
thrown [s\open\src\hotspot\share\prims\jni.cpp, line 520]
Event: 0.438 Thread 0x000002816a9b9df0 Exception <a 'java/lang/NoSuchMethodError'{0x000000071256a178}: 'void java.lang.invoke.DirectMethodHandle$Holder.invokeStatic(java.lang.Object, java.lang.Object, java.lang.Object, java.lang.Object)'> (0x000000071256a178) 
thrown [s\open\src\hotspot\share\interpreter\linkResolver.cpp, line 773]
Event: 0.458 Thread 0x000002816a9b9df0 Exception <a 'java/lang/NoSuchMethodError'{0x0000000712287130}: 'int java.lang.invoke.DirectMethodHandle$Holder.invokeStaticInit(java.lang.Object, java.lang.Object)'> (0x0000000712287130) 
thrown [s\open\src\hotspot\share\interpreter\linkResolver.cpp, line 773]

ZGC Phase Switch (0 events):
No events

VM Operations (10 events):
Event: 0.079 Executing VM operation: HandshakeAllThreads (Deoptimize)
Event: 0.080 Executing VM operation: HandshakeAllThreads (Deoptimize) done
Event: 0.292 Executing VM operation: HandshakeAllThreads (Deoptimize)
Event: 0.292 Executing VM operation: HandshakeAllThreads (Deoptimize) done
Event: 0.336 Executing VM operation: HandshakeAllThreads (Deoptimize)
Event: 0.336 Executing VM operation: HandshakeAllThreads (Deoptimize) done
Event: 0.357 Executing VM operation: HandshakeAllThreads (Deoptimize)
Event: 0.357 Executing VM operation: HandshakeAllThreads (Deoptimize) done
Event: 0.360 Executing VM operation: HandshakeAllThreads (Deoptimize)
Event: 0.360 Executing VM operation: HandshakeAllThreads (Deoptimize) done

Events (15 events):
Event: 0.028 Thread 0x000002816a9b9df0 Thread added: 0x000002816a9b9df0
Event: 0.042 Thread 0x00000281001c4790 Thread added: 0x00000281001c4790
Event: 0.042 Thread 0x00000281001c56b0 Thread added: 0x00000281001c56b0
Event: 0.042 Thread 0x00000281001c6930 Thread added: 0x00000281001c6930
Event: 0.042 Thread 0x00000281001caf80 Thread added: 0x00000281001caf80
Event: 0.042 Thread 0x00000281001cc0d0 Thread added: 0x00000281001cc0d0
Event: 0.042 Thread 0x00000281001d2060 Thread added: 0x00000281001d2060
Event: 0.042 Thread 0x00000281001d3ad0 Thread added: 0x00000281001d3ad0
Event: 0.075 Thread 0x000002810040c070 Thread added: 0x000002810040c070
Event: 0.079 Thread 0x0000028100190290 Thread added: 0x0000028100190290
Event: 0.080 Thread 0x0000028100190940 Thread added: 0x0000028100190940
Event: 0.081 Thread 0x00000281003a8870 Thread added: 0x00000281003a8870
Event: 0.148 Thread 0x000002810040c700 Thread added: 0x000002810040c700
Event: 0.148 Thread 0x000002810040d420 Thread added: 0x000002810040d420
Event: 0.342 Thread 0x000002810040dab0 Thread added: 0x000002810040dab0


Dynamic libraries:
0x00007ff791110000 - 0x00007ff791120000 	C:\Program Files\Java\jdk-21\bin\java.exe
0x00007ffb07d30000 - 0x00007ffb07f47000 	C:\WINDOWS\SYSTEM32\ntdll.dll
0x00007ffb061c0000 - 0x00007ffb06284000 	C:\WINDOWS\System32\KERNEL32.DLL
0x00007ffb05260000 - 0x00007ffb0561a000 	C:\WINDOWS\System32\KERNELBASE.dll
0x00007ffb05840000 - 0x00007ffb05951000 	C:\WINDOWS\System32\ucrtbase.dll
0x00007ffaf9b50000 - 0x00007ffaf9b69000 	C:\Program Files\Java\jdk-21\bin\jli.dll
0x00007ffaf9b30000 - 0x00007ffaf9b4b000 	C:\Program Files\Java\jdk-21\bin\VCRUNTIME140.dll
0x00007ffb07a50000 - 0x00007ffb07b02000 	C:\WINDOWS\System32\ADVAPI32.dll
0x00007ffb06a10000 - 0x00007ffb06ab7000 	C:\WINDOWS\System32\msvcrt.dll
0x00007ffb06be0000 - 0x00007ffb06c87000 	C:\WINDOWS\System32\sechost.dll
0x00007ffb05790000 - 0x00007ffb057b8000 	C:\WINDOWS\System32\bcrypt.dll
0x00007ffb07bb0000 - 0x00007ffb07cc4000 	C:\WINDOWS\System32\RPCRT4.dll
0x00007ffb062a0000 - 0x00007ffb0644e000 	C:\WINDOWS\System32\USER32.dll
0x00007ffae1ff0000 - 0x00007ffae2282000 	C:\WINDOWS\WinSxS\amd64_microsoft.windows.common-controls_6595b64144ccf1df_6.0.22621.4541_none_2710d1c57384c085\COMCTL32.dll
0x00007ffb05090000 - 0x00007ffb050b6000 	C:\WINDOWS\System32\win32u.dll
0x00007ffb07b10000 - 0x00007ffb07b39000 	C:\WINDOWS\System32\GDI32.dll
0x00007ffb05140000 - 0x00007ffb0525b000 	C:\WINDOWS\System32\gdi32full.dll
0x00007ffb04ff0000 - 0x00007ffb0508a000 	C:\WINDOWS\System32\msvcp_win.dll
0x00007ffafea60000 - 0x00007ffafea6a000 	C:\WINDOWS\SYSTEM32\VERSION.dll
0x00007ffb069d0000 - 0x00007ffb06a01000 	C:\WINDOWS\System32\IMM32.DLL
0x00007ffaf9ae0000 - 0x00007ffaf9aec000 	C:\Program Files\Java\jdk-21\bin\vcruntime140_1.dll
0x00007ffadd900000 - 0x00007ffadd98e000 	C:\Program Files\Java\jdk-21\bin\msvcp140.dll
0x00007ffabc3b0000 - 0x00007ffabd0c3000 	C:\Program Files\Java\jdk-21\bin\server\jvm.dll
0x00007ffb07530000 - 0x00007ffb075a1000 	C:\WINDOWS\System32\WS2_32.dll
0x00007ffb04ec0000 - 0x00007ffb04f0d000 	C:\WINDOWS\SYSTEM32\POWRPROF.dll
0x00007ffaf8000000 - 0x00007ffaf8034000 	C:\WINDOWS\SYSTEM32\WINMM.dll
0x00007ffb04ea0000 - 0x00007ffb04eb3000 	C:\WINDOWS\SYSTEM32\UMPDC.dll
0x00007ffb03ff0000 - 0x00007ffb04008000 	C:\WINDOWS\SYSTEM32\kernel.appcore.dll
0x00007ffaee300000 - 0x00007ffaee30a000 	C:\Program Files\Java\jdk-21\bin\jimage.dll
0x00007ffaf57a0000 - 0x00007ffaf59d2000 	C:\WINDOWS\SYSTEM32\DBGHELP.DLL
0x00007ffb06550000 - 0x00007ffb068e1000 	C:\WINDOWS\System32\combase.dll
0x00007ffb068f0000 - 0x00007ffb069c7000 	C:\WINDOWS\System32\OLEAUT32.dll
0x00007ffafa440000 - 0x00007ffafa472000 	C:\WINDOWS\SYSTEM32\dbgcore.DLL
0x00007ffb057c0000 - 0x00007ffb0583b000 	C:\WINDOWS\System32\bcryptPrimitives.dll
0x00007ffaede20000 - 0x00007ffaede2f000 	C:\Program Files\Java\jdk-21\bin\instrument.dll
0x00007ffaecdd0000 - 0x00007ffaecdef000 	C:\Program Files\Java\jdk-21\bin\java.dll
0x00007ffb06c90000 - 0x00007ffb07509000 	C:\WINDOWS\System32\SHELL32.dll
0x00007ffb02ee0000 - 0x00007ffb037e9000 	C:\WINDOWS\SYSTEM32\windows.storage.dll
0x00007ffb02da0000 - 0x00007ffb02edf000 	C:\WINDOWS\SYSTEM32\wintypes.dll
0x00007ffb06ac0000 - 0x00007ffb06bba000 	C:\WINDOWS\System32\SHCORE.dll
0x00007ffb06160000 - 0x00007ffb061be000 	C:\WINDOWS\System32\shlwapi.dll
0x00007ffb04f20000 - 0x00007ffb04f4b000 	C:\WINDOWS\SYSTEM32\profapi.dll
0x00007ffae6d50000 - 0x00007ffae6d68000 	C:\Program Files\Java\jdk-21\bin\zip.dll
0x00007ffaecdc0000 - 0x00007ffaecdd0000 	C:\Program Files\Java\jdk-21\bin\net.dll
0x00007ffaffa80000 - 0x00007ffaffbb6000 	C:\WINDOWS\SYSTEM32\WINHTTP.dll
0x00007ffb04460000 - 0x00007ffb044c9000 	C:\WINDOWS\system32\mswsock.dll
0x00007ffae1c60000 - 0x00007ffae1c76000 	C:\Program Files\Java\jdk-21\bin\nio.dll
0x00007ffae1970000 - 0x00007ffae198a000 	C:\Program Files\JetBrains\IntelliJ IDEA 2024.2.2\bin\breakgen64.dll
0x00007ffae6eb0000 - 0x00007ffae6eb9000 	C:\Program Files\Java\jdk-21\bin\extnet.dll
0x00007ffb03ac0000 - 0x00007ffb03bc2000 	C:\WINDOWS\SYSTEM32\DNSAPI.dll
0x00007ffb03a90000 - 0x00007ffb03abd000 	C:\WINDOWS\SYSTEM32\IPHLPAPI.DLL
0x00007ffb06290000 - 0x00007ffb06299000 	C:\WINDOWS\System32\NSI.dll
0x00007ffafed60000 - 0x00007ffafed6a000 	C:\Windows\System32\rasadhlp.dll
0x00007ffafe850000 - 0x00007ffafe8d3000 	C:\WINDOWS\System32\fwpuclnt.dll
0x00007ffae6e30000 - 0x00007ffae6e3a000 	C:\Program Files\Java\jdk-21\bin\management.dll
0x00007ffae6e10000 - 0x00007ffae6e1b000 	C:\Program Files\Java\jdk-21\bin\management_ext.dll
0x00007ffb06bc0000 - 0x00007ffb06bc8000 	C:\WINDOWS\System32\PSAPI.DLL
0x00007ffb047b0000 - 0x00007ffb047cb000 	C:\WINDOWS\SYSTEM32\CRYPTSP.dll
0x00007ffb03f50000 - 0x00007ffb03f85000 	C:\WINDOWS\system32\rsaenh.dll
0x00007ffb04500000 - 0x00007ffb04528000 	C:\WINDOWS\SYSTEM32\USERENV.dll
0x00007ffb04790000 - 0x00007ffb0479c000 	C:\WINDOWS\SYSTEM32\CRYPTBASE.dll
0x00007ffae82e0000 - 0x00007ffae82f7000 	C:\WINDOWS\system32\napinsp.dll
0x00007ffae82c0000 - 0x00007ffae82db000 	C:\WINDOWS\system32\pnrpnsp.dll
0x00007ffae82a0000 - 0x00007ffae82b1000 	C:\WINDOWS\System32\winrnr.dll
0x00007ffae8200000 - 0x00007ffae8215000 	C:\WINDOWS\system32\wshbth.dll
0x00007ffae8220000 - 0x00007ffae8247000 	C:\WINDOWS\system32\nlansp_c.dll

dbghelp: loaded successfully - version: 4.0.5 - missing functions: none
symbol engine: initialized successfully - sym options: 0x614 - pdb path: .;C:\Program Files\Java\jdk-21\bin;C:\WINDOWS\SYSTEM32;C:\WINDOWS\WinSxS\amd64_microsoft.windows.common-controls_6595b64144ccf1df_6.0.22621.4541_none_2710d1c57384c085;C:\Program Files\Java\jdk-21\bin\server;C:\Program Files\JetBrains\IntelliJ IDEA 2024.2.2\bin

VM Arguments:
jvm_args: -XX:TieredStopAtLevel=1 -Dspring.output.ansi.enabled=always -Dcom.sun.management.jmxremote -Dspring.jmx.enabled=true -Dspring.liveBeansView.mbeanDomain -Dspring.application.admin.enabled=true -Dmanagement.endpoints.jmx.exposure.include=* -javaagent:C:\Program Files\JetBrains\IntelliJ IDEA 2024.2.2\lib\idea_rt.jar=51326:C:\Program Files\JetBrains\IntelliJ IDEA 2024.2.2\bin -Dfile.encoding=UTF-8 -Dsun.stdout.encoding=UTF-8 -Dsun.stderr.encoding=UTF-8 
java_command: org.iesbelen.SpringBootWebMvcJdbcVentasApplication
java_class_path (initial): C:\Users\Zahira\Documents\DWES\SEGUNDO_T\spring_boot_web_mvc_jdbc_ventas-master\target\classes;C:\Users\Zahira\.m2\repository\org\springframework\boot\spring-boot-devtools\3.0.0\spring-boot-devtools-3.0.0.jar;C:\Users\Zahira\.m2\repository\org\springframework\boot\spring-boot\3.0.0\spring-boot-3.0.0.jar;C:\Users\Zahira\.m2\repository\org\springframework\spring-context\6.0.2\spring-context-6.0.2.jar;C:\Users\Zahira\.m2\repository\org\springframework\boot\spring-boot-autoconfigure\3.0.0\spring-boot-autoconfigure-3.0.0.jar;C:\Users\Zahira\.m2\repository\org\springframework\boot\spring-boot-starter-web\3.0.0\spring-boot-starter-web-3.0.0.jar;C:\Users\Zahira\.m2\repository\org\springframework\boot\spring-boot-starter\3.0.0\spring-boot-starter-3.0.0.jar;C:\Users\Zahira\.m2\repository\org\springframework\boot\spring-boot-starter-logging\3.0.0\spring-boot-starter-logging-3.0.0.jar;C:\Users\Zahira\.m2\repository\ch\qos\logback\logback-classic\1.4.5\logback-classic-1.4.5.jar;C:\Users\Zahira\.m2\repository\ch\qos\logback\logback-core\1.4.5\logback-core-1.4.5.jar;C:\Users\Zahira\.m2\repository\org\apache\logging\log4j\log4j-to-slf4j\2.19.0\log4j-to-slf4j-2.19.0.jar;C:\Users\Zahira\.m2\repository\org\apache\logging\log4j\log4j-api\2.19.0\log4j-api-2.19.0.jar;C:\Users\Zahira\.m2\repository\org\slf4j\jul-to-slf4j\2.0.4\jul-to-slf4j-2.0.4.jar;C:\Users\Zahira\.m2\repository\jakarta\annotation\jakarta.annotation-api\2.1.1\jakarta.annotation-api-2.1.1.jar;C:\Users\Zahira\.m2\repository\org\yaml\snakeyaml\1.33\snakeyaml-1.33.jar;C:\Users\Zahira\.m2\repository\org\springframework\boot\spring-boot-starter-json\3.0.0\spring-boot-starter-json-3.0.0.jar;C:\Users\Zahira\.m2\repository\com\fasterxml\jackson\core\jackson-databind\2.14.1\jackson-databind-2.14.1.jar;C:\Users\Zahira\.m2\repository\com\fasterxml\jackson\core\jackson-annotations\2.14.1\jackson-annotations-2.14.1.jar;C:\Users\Zahira\.m2\repository\com\fasterxml\jackson\core\jackson-core\2.14.1\jackson-core-2.14.1.jar;C:\Users\Zahira\.m2\repository\com\fasterxml\jackson\datatype\jackson-datatype-jdk8\2.14.1\jackson-datatype-jdk8-2.14.1.jar;C:\Users\Zahira\.m2\repository\com\fasterxml\jackson\datatype\jackson-datatype-jsr310\2.14.1\jackson-datatype-jsr310-2.14.1.jar;C:\Users\Zahira\.m2\repository\com\fasterxml\jackson\module\jackson-module-parameter-names\2.14.1\jackson-module-parameter-names-2.14.1.jar;C:\Users\Zahira\.m2\repository\org\springframework\boot\spring-boot-starter-tomcat\3.0.0\spring-boot-starter-tomcat-3.0.0.jar;C:\Users\Zahira\.m2\repository\org\apache\tomcat\embed\tomcat-embed-core\10.1.1\tomcat-embed-core-10.1.1.jar;C:\Users\Zahira\.m2\repository\org\apache\tomcat\embed\tomcat-embed-websocket\10.1.1\tomcat-embed-websocket-10.1.1.jar;C:\Users\Zahira\.m2\repository\org\springframework\spring-web\6.0.2\spring-web-6.0.2.jar;C:\Users\Zahira\.m2\repository\org\springframework\spring-beans\6.0.2\spring-beans-6.0.2.jar;C:\Users\Zahira\.m2\repository\io\micrometer\micrometer-observation\1.10.2\micrometer-observation-1.10.2.jar;C:\Users\Zahira\.m2\repository\io\micrometer\micrometer-commons\1.10.2\micrometer-commons-1.10.2.jar;C:\Users\Zahira\.m2\repository\org\springframework\spring-webmvc\6.0.2\spring-webmvc-6.0.2.jar;C:\Users\Zahira\.m2\repository\org\springframework\spring-aop\6.0.2\spring-aop-6.0.2.jar;C:\Users\Zahira\.m2\repository\org\springframework\spring-expression\6.0.2\spring-expression-6.0.2.jar;C:\Users\Zahira\.m2\repository\org\springframework\boot\spring-boot-starter-thymeleaf\3.0.0\spring-boot-starter-thymeleaf-3.0.0.jar;C:\Users\Zahira\.m2\repository\org\thymeleaf\thymeleaf-spring6\3.1.0.RELEASE\thymeleaf-spring6-3.1.0.RELEASE.jar;C:\Users\Zahira\.m2\repository\org\thymeleaf\thymeleaf\3.1.0.RELEASE\thymeleaf-3.1.0.RELEASE.jar;C:\Users\Zahira\.m2\repository\org\attoparser\attoparser\2.0.6.RELEASE\attoparser-2.0.6.RELEASE.jar;C:\Users\Zahira\.m2\repository\org\unbescape\unbescape\1.1.6.RELEASE\unbescape-1.1.6.RELEASE.jar;C:\Users\Zahira\.m2\repository\org\springframework\boot\spring-boot-starter-jdbc\3.0.0\spring-boot-starter-jdbc-3.0.0.jar;C:\Users\Zahira\.m2\repository\org\springframework\spring-jdbc\6.0.2\spring-jdbc-6.0.2.jar;C:\Users\Zahira\.m2\repository\org\springframework\spring-tx\6.0.2\spring-tx-6.0.2.jar;C:\Users\Zahira\.m2\repository\com\zaxxer\HikariCP\5.0.1\HikariCP-5.0.1.jar;C:\Users\Zahira\.m2\repository\org\slf4j\slf4j-api\2.0.4\slf4j-api-2.0.4.jar;C:\Users\Zahira\.m2\repository\com\mysql\mysql-connector-j\8.0.31\mysql-connector-j-8.0.31.jar;C:\Users\Zahira\.m2\repository\org\projectlombok\lombok\1.18.24\lombok-1.18.24.jar;C:\Users\Zahira\.m2\repository\org\springframework\spring-core\6.0.2\spring-core-6.0.2.jar;C:\Users\Zahira\.m2\repository\org\springframework\spring-jcl\6.0.2\spring-jcl-6.0.2.jar;C:\Users\Zahira\.m2\repository\org\projectlombok\lombok-mapstruct-binding\0.2.0\lombok-mapstruct-binding-0.2.0.jar;C:\Users\Zahira\.m2\repository\org\mapstruct\mapstruct\1.6.3\mapstruct-1.6.3.jar;C:\Users\Zahira\.m2\repository\org\springframework\boot\spring-boot-starter-validation\3.0.0\spring-boot-starter-validation-3.0.0.jar;C:\Users\Zahira\.m2\repository\org\apache\tomcat\embed\tomcat-embed-el\10.1.1\tomcat-embed-el-10.1.1.jar;C:\Users\Zahira\.m2\repository\org\hibernate\validator\hibernate-validator\8.0.0.Final\hibernate-validator-8.0.0.Final.jar;C:\Users\Zahira\.m2\repository\jakarta\validation\jakarta.validation-api\3.0.2\jakarta.validation-api-3.0.2.jar;C:\Users\Zahira\.m2\repository\org\jboss\logging\jboss-logging\3.5.0.Final\jboss-logging-3.5.0.Final.jar;C:\Users\Zahira\.m2\repository\com\fasterxml\classmate\1.5.1\classmate-1.5.1.jar
Launcher Type: SUN_STANDARD

[Global flags]
     intx CICompilerCount                          = 4                                         {product} {ergonomic}
     uint ConcGCThreads                            = 3                                         {product} {ergonomic}
     uint G1ConcRefinementThreads                  = 10                                        {product} {ergonomic}
   size_t G1HeapRegionSize                         = 2097152                                   {product} {ergonomic}
    uintx GCDrainStackTargetSize                   = 64                                        {product} {ergonomic}
   size_t InitialHeapSize                          = 266338304                                 {product} {ergonomic}
     bool ManagementServer                         = true                                      {product} {command line}
   size_t MarkStackSize                            = 4194304                                   {product} {ergonomic}
   size_t MaxHeapSize                              = 4236247040                                {product} {ergonomic}
   size_t MaxNewSize                               = 2541748224                                {product} {ergonomic}
   size_t MinHeapDeltaBytes                        = 2097152                                   {product} {ergonomic}
   size_t MinHeapSize                              = 8388608                                   {product} {ergonomic}
    uintx NonNMethodCodeHeapSize                   = 4096                                   {pd product} {ergonomic}
    uintx NonProfiledCodeHeapSize                  = 0                                      {pd product} {ergonomic}
     bool ProfileInterpreter                       = false                                  {pd product} {command line}
    uintx ProfiledCodeHeapSize                     = 0                                      {pd product} {ergonomic}
   size_t SoftMaxHeapSize                          = 4236247040                             {manageable} {ergonomic}
     intx TieredStopAtLevel                        = 1                                         {product} {command line}
     bool UseCompressedOops                        = true                           {product lp64_product} {ergonomic}
     bool UseG1GC                                  = true                                      {product} {ergonomic}
     bool UseLargePagesIndividualAllocation        = false                                  {pd product} {ergonomic}

Logging:
Log output configuration:
 #0: stdout all=warning uptime,level,tags foldmultilines=false
 #1: stderr all=off uptime,level,tags foldmultilines=false

Environment Variables:
PATH=C:\Program Files\Common Files\Oracle\Java\javapath;C:\WINDOWS\system32;C:\WINDOWS;C:\WINDOWS\System32\Wbem;C:\WINDOWS\System32\WindowsPowerShell\v1.0\;C:\WINDOWS\System32\OpenSSH\;C:\Program Files\Git\cmd;C:\Program Files\nodejs\;C:\ProgramData\chocolatey\bin;C:\Program Files\PuTTY\;C:\Program Files\Docker\Docker\resources\bin;C:\Users\Zahira\AppData\Local\Microsoft\WindowsApps;C:\Users\Zahira\AppData\Local\Programs\Microsoft VS Code\bin;C:\Users\Zahira\AppData\Roaming\npm
USERNAME=Zahira
OS=Windows_NT
PROCESSOR_IDENTIFIER=Intel64 Family 6 Model 158 Stepping 10, GenuineIntel
TMP=C:\Users\Zahira\AppData\Local\Temp
TEMP=C:\Users\Zahira\AppData\Local\Temp




Periodic native trim disabled

---------------  S Y S T E M  ---------------

OS:
 Windows 11 , 64 bit Build 22621 (10.0.22621.4391)
OS uptime: 0 days 1:51 hours
Hyper-V role detected

CPU: total 12 (initial active 12) (6 cores per cpu, 2 threads per core) family 6 model 158 stepping 10 microcode 0xf6, cx8, cmov, fxsr, ht, mmx, 3dnowpref, sse, sse2, sse3, ssse3, sse4.1, sse4.2, popcnt, lzcnt, tsc, tscinvbit, avx, avx2, aes, erms, clmul, bmi1, bmi2, rtm, adx, fma, vzeroupper, clflush, clflushopt, hv, rdtscp, f16c
Processor Information for all 12 processors :
  Max Mhz: 3192, Current Mhz: 3192, Mhz Limit: 3192

Memory: 4k page, system-wide physical 16158M (460M free)
TotalPageFile size 65310M (AvailPageFile size 362M)
current process WorkingSet (physical memory assigned to process): 67M, peak: 67M
current process commit charge ("private bytes"): 354M, peak: 354M

vm_info: Java HotSpot(TM) 64-Bit Server VM (21.0.4+8-LTS-274) for windows-amd64 JRE (21.0.4+8-LTS-274), built on 2024-06-05T05:23:33Z by "mach5one" with MS VC++ 17.6 (VS2022)

END.
